[2025-06-05 13:06:16 -0400] akramj13 <125495000+akramj13@users.noreply.github.com>: Testing commit tracker (96ee73a1f58c47eb95daee7f05e18437e9882fa4) - Repo: /Users/akramjamil/Desktop/test
[2025-06-05 13:30:09 -0400] akramj13 <125495000+akramj13@users.noreply.github.com>: Created install script (df50aaed0d8ef7e3f4c47909bc20ca5a4f7a924c) - Repo: /Users/akramjamil/Desktop/ct-app
[2025-06-05 13:33:25 -0400] akramj13 <125495000+akramj13@users.noreply.github.com>: Create README.md (155917900ac0fed08f50c9d23e87e549d7d18951) - Repo: /Users/akramjamil/Desktop/ct-app
[2025-06-05 15:24:01 -0400] akramj13 <125495000+akramj13@users.noreply.github.com>: Update README.md (e9df233f39c361fef77551c9bc07eee8d636d1f6) - Repo: /Users/akramjamil/Desktop/ct-app
[2025-06-05 15:25:18 -0400] akramj13 <125495000+akramj13@users.noreply.github.com>: Updated Install Script (c7f4490910609dae002acc9be86eccb90576cd86) - Repo: /Users/akramjamil/Desktop/ct-app
[2025-06-05 15:27:51 -0400] akramj13 <125495000+akramj13@users.noreply.github.com>: Updated Install Script again (cceec07ba6fc5c0b6df889fcf83a84d71311a28f) - Repo: /Users/akramjamil/Desktop/ct-app
[2025-06-05 15:32:34 -0400] akramj13 <125495000+akramj13@users.noreply.github.com>: Updated Tasks (e6896bfeceb05f0e47a821e922b6d921aa1539a4) - Repo: /Users/akramjamil/Documents/GitHub/uncooked
[2025-06-05 15:34:32 -0400] akramj13 <125495000+akramj13@users.noreply.github.com>: Final version of Installation Script (37a615740d023b1f9b2e8e3aff69ee56d443df54) - Repo: /Users/akramjamil/Desktop/ct-app
[2025-06-05 15:43:47 -0400] akramj13 <125495000+akramj13@users.noreply.github.com>: Updated Guidelines (95b6631dfdfeb3224b7f3f899504072e7ae14975) - Repo: /Users/akramjamil/Documents/GitHub/uncooked
[2025-06-05 16:51:45 -0400] akramj13 <125495000+akramj13@users.noreply.github.com>: Created my first electron app (9300db85f2a5e02017e4197dea32c63b78a62c3d) - Repo: /Users/akramjamil/Desktop/electron-test
[2025-06-06 00:17:41 -0400] akramj13 <125495000+akramj13@users.noreply.github.com>: Created initial Improve Modules (2306a5ca290feefd08844d5494274f618e25362b) - Repo: /Users/akramjamil/Documents/GitHub/uncooked
[2025-06-09 23:12:30 -0400] akramj13 <125495000+akramj13@users.noreply.github.com>: Finished some lessons (95c7b6ab5d98dd16d6320903a248647577ef384f) - Repo: /Users/akramjamil/Desktop/Modern JS Tutorial
[2025-06-09 23:30:06 -0400] akramj13 <125495000+akramj13@users.noreply.github.com>: Finished operators lesson (e83d88a67aaac2eee3b22e5a0c489f5be8665305) - Repo: /Users/akramjamil/Desktop/Modern JS Tutorial
[2025-06-11 09:41:47 -0400] akramj13 <125495000+akramj13@users.noreply.github.com>: Initial commit (4f855ea017b1fc7938831c9defa462bc282ea03f) - Repo: /Users/akramjamil/Desktop/csv_export
[2025-06-11 09:45:41 -0400] akramj13 <125495000+akramj13@users.noreply.github.com>: Updated hostname (d641d1c274f4490c35173b561a8478aafa18f0c6) - Repo: /Users/akramjamil/Desktop/csv_export
[2025-06-11 13:41:09 -0400] akramj13 <125495000+akramj13@users.noreply.github.com>: Created report structure (94e2daf8e10e1c9694d042ad0e0d3330e1dab493) - Repo: /Users/akramjamil/Desktop/PD11 Assignment 4/Report
[2025-06-11 14:01:22 -0400] akramj13 <125495000+akramj13@users.noreply.github.com>: Fixed formatting (574135043cdec4fc1265fa8ceb9e60561512320d) - Repo: /Users/akramjamil/Desktop/PD11 Assignment 4/Report
[2025-06-11 15:18:02 -0400] akramj13 <125495000+akramj13@users.noreply.github.com>: Created base template and compiling (3bde5ce663b6125b0decea8530c9cd8e0575ceef) - Repo: /Users/akramjamil/Desktop/PD11 Assignment 4/Report
[2025-06-12 00:03:53 -0400] akramj13 <125495000+akramj13@users.noreply.github.com>: Finished method section (3d18ad7a0fd64888f7e554550b761ad0e72d3805) - Repo: /Users/akramjamil/Desktop/PD11 Assignment 4/report
[2025-06-12 15:47:07 -0400] akramj13 <125495000+akramj13@users.noreply.github.com>: Finished analysis section (6af42fbaab507828378bb1fcf1ac30c3c5f745ca) - Repo: /Users/akramjamil/Desktop/PD11 Assignment 4/report
[2025-06-12 16:21:07 -0400] akramj13 <125495000+akramj13@users.noreply.github.com>: Finished report (33b4fd91b5c44d387866b51872e975254f34866b) - Repo: /Users/akramjamil/Desktop/PD11 Assignment 4/report
[2025-06-12 16:21:33 -0400] akramj13 <125495000+akramj13@users.noreply.github.com>: Update .gitignore (c6ab918bbe351fcb8bccb224b8185f1923c9b7fb) - Repo: /Users/akramjamil/Desktop/PD11 Assignment 4/report
[2025-06-12 18:56:48 -0400] akramj13 <125495000+akramj13@users.noreply.github.com>: Finished two problems (502c4d8902c99ad1d06f35ded8e0e2c55e3fc0d5) - Repo: /Users/akramjamil/Desktop/Modern JS Tutorial
[2025-06-12 19:05:59 -0400] akramj13 <125495000+akramj13@users.noreply.github.com>: Finished conditionals module (55402afa8dbf175a92b2f95c0d6f690764e62c3f) - Repo: /Users/akramjamil/Desktop/Modern JS Tutorial
[2025-06-12 20:02:42 -0400] akramj13 <125495000+akramj13@users.noreply.github.com>: Finished logic section (9a25edec32b9340a09106d87d9242b8382b8cb62) - Repo: /Users/akramjamil/Desktop/Modern JS Tutorial
[2025-06-16 12:42:27 -0400] akramj13 <125495000+akramj13@users.noreply.github.com>: Initial commit (de87c24e66c8ffa76a06c8a752c3d2c8a80a5aba) - Repo: /Users/akramjamil/Desktop/csv_export
[2025-06-16 12:43:18 -0400] akramj13 <125495000+akramj13@users.noreply.github.com>: Initial commit (dc751e2c76035621cee6bb73c7aa5802220ebe89) - Repo: /Users/akramjamil/Documents/GitHub/voxtur
[2025-06-16 12:50:22 -0400] akramj13 <125495000+akramj13@users.noreply.github.com>: Initial commit (47445c635ad9444947e32c40f19a1b29771be411) - Repo: /Users/akramjamil/Documents/GitHub/voxtur
[2025-06-16 13:14:37 -0400] akramj13 <125495000+akramj13@users.noreply.github.com>: Initial commit (59b63993eba518910650b3b703949ef7207ba71c) - Repo: /Users/akramjamil/Desktop/csv_export
[2025-06-16 13:15:27 -0400] akramj13 <125495000+akramj13@users.noreply.github.com>: Removed extra file (b3840478d20f565e3e8fc9295ddc9ff45a28e3d3) - Repo: /Users/akramjamil/Desktop/csv_export
[2025-06-16 20:20:07 -0400] akramj13 <125495000+akramj13@users.noreply.github.com>: Hello Andrew (92243c6037f05abfc20c6b55cdbe0088c1cddbc7) - Repo: /Users/akramjamil/Documents/GitHub/voxtur
[2025-06-16 20:24:38 -0400] akramj13 <125495000+akramj13@users.noreply.github.com>: Hello Andrew (a98a5e7b5c348e1025a82b3d273a29b47e64fe9e) - Repo: /Users/akramjamil/Documents/GitHub/voxtur
[2025-06-18 21:17:02 -0400] akramj13 <125495000+akramj13@users.noreply.github.com>: Finished functions section (4a642cdf5fc9c220bb8431033c1f174066b92192) - Repo: /Users/akramjamil/Desktop/Modern JS Tutorial
[2025-06-19 10:10:33 -0400] akramj13 <125495000+akramj13@users.noreply.github.com>: Created Elph development server (d04baccf362305e8bb6abea612355d7c615fbb96) - Repo: /Users/akramjamil/Desktop/elph
[2025-06-19 10:11:31 -0400] akramj13 <125495000+akramj13@users.noreply.github.com>: rm Dockerfile~ (017b1fd729b66e34738a7f7a8c87628308d43fb4) - Repo: /Users/akramjamil/Desktop/elph
[2025-06-19 10:13:31 -0400] akramj13 <125495000+akramj13@users.noreply.github.com>: Initial commit (26bb9bf7c431e5fb7dddc4e1af1f2985a920b1ba) - Repo: /Users/akramjamil/Desktop/elph/src/elph
[2025-06-19 14:18:02 -0400] akramj13 <125495000+akramj13@users.noreply.github.com>: Finished first objects lesson (032d07e8442f92131ff17372a0a821e03446b688) - Repo: /Users/akramjamil/Desktop/Modern JS Tutorial
[2025-06-19 14:54:34 -0400] akramj13 <125495000+akramj13@users.noreply.github.com>: Finished method section (b5eea021f4369d1666d0584395198167be1d7388) - Repo: /Users/akramjamil/Desktop/Modern JS Tutorial
[2025-06-19 15:18:22 -0400] akramj13 <125495000+akramj13@users.noreply.github.com>: Finished basic constructor section (2cfd1e0ea914c40b4191e505b39247884a211f57) - Repo: /Users/akramjamil/Desktop/Modern JS Tutorial
[2025-06-20 13:17:05 -0400] akramj13 <125495000+akramj13@users.noreply.github.com>: Finished string section (42278e1e4156281aaaab3a3a00e5a02b36156333) - Repo: /Users/akramjamil/Desktop/Modern JS Tutorial
[2025-06-21 21:43:01 -0400] akramj13 <125495000+akramj13@users.noreply.github.com>: Array q1 (a7acfbaef125f8fee770ad63c2982bcfbe2a3928) - Repo: /Users/akramjamil/Desktop/Modern JS Tutorial
[2025-06-24 19:14:40 -0400] akramj13 <125495000+akramj13@users.noreply.github.com>: first commit (72155b1dd733089a67a7bff6eb4364305aa61fc3) - Repo: /Users/akramjamil/Documents/GitHub/voq
[2025-06-25 10:37:13 -0400] akramj13 <125495000+akramj13@users.noreply.github.com>: Initial commit (d076cfe60106302ce0be05c56510e8e888ac8d3f) - Repo: /Users/akramjamil/Documents/GitHub/shop-mini-hackathon/swypify
[2025-06-25 12:33:41 -0400] akramj13 <125495000+akramj13@users.noreply.github.com>: Initial frontend (7ccc365f02d32ac747e63845a4e169db46ddd8a2) - Repo: /Users/akramjamil/Documents/GitHub/shop-mini-hackathon/swypify
[2025-06-25 12:37:25 -0400] akramj13 <125495000+akramj13@users.noreply.github.com>: Update .gitignore (4544e4037793f89c8985c648a4290a2745c6cf43) - Repo: /Users/akramjamil/Documents/GitHub/shop-mini-hackathon/swypify
[2025-06-25 12:47:26 -0400] akramj13 <125495000+akramj13@users.noreply.github.com>: Updates to files (c0b7d2b00760a7e1f8f67ef63b73740d2098f351) - Repo: /Users/akramjamil/Documents/GitHub/shop-mini-hackathon/swypify
[2025-06-25 13:51:43 -0400] akramj13 <125495000+akramj13@users.noreply.github.com>: Updated homepage (be237178d3875197ffa70d7156cb8b02b5a5aefd) - Repo: /Users/akramjamil/Documents/GitHub/shop-mini-hackathon/swypify
[2025-06-25 13:58:44 -0400] akramj13 <125495000+akramj13@users.noreply.github.com>: Merge branch 'develop' of github.com:zhouwinston1/Swipify into develop (0ea6ab1b9644bc9ed23ea4650bdbebcfa7e022c0) - Repo: /Users/akramjamil/Documents/GitHub/shop-mini-hackathon/swypify
[2025-06-25 14:55:18 -0400] akramj13 <125495000+akramj13@users.noreply.github.com>: Fixed Cart Screen (5a36ccb1a7b5a8de2e2e6e299869583ca7a5871c) - Repo: /Users/akramjamil/Documents/GitHub/shop-mini-hackathon/swypify
[2025-06-25 15:56:45 -0400] akramj13 <125495000+akramj13@users.noreply.github.com>: fixed logic (1d609a3ea4569431b50686c9edb2fd029d57fd5f) - Repo: /Users/akramjamil/Documents/GitHub/shop-mini-hackathon/swypify
